<?xml version="1.0" encoding="UTF-8"?>
<!-- Generated by org.testng.reporters.JUnitXMLReporter -->
<testsuite hostname="Femila-PC" ignored="0" name="Different Testing Feature Test" tests="17" failures="1" timestamp="21 Jul 2019 10:36:21 GMT" time="14.13" errors="0">
  <testcase name="GoogleLogoTest" time="0.008" classname="com.TestNG.OneTestNGBasics"/>
  <testcase name="googleTitleTest" time="0.002" classname="com.TestNG.OneTestNGBasics"/>
  <testcase name="searchTest" time="0.002" classname="com.TestNG.OneTestNGBasics"/>
  <testcase name="loginTest" time="0.003" classname="com.TestNG.FourTestNGFeatures"/>
  <testcase name="sum" time="0.002" classname="com.TestNG.FiveInvocationCountTest"/>
  <testcase name="sum" time="0.002" classname="com.TestNG.FiveInvocationCountTest"/>
  <testcase name="sum" time="0.002" classname="com.TestNG.FiveInvocationCountTest"/>
  <testcase name="sum" time="0.002" classname="com.TestNG.FiveInvocationCountTest"/>
  <testcase name="sum" time="0.001" classname="com.TestNG.FiveInvocationCountTest"/>
  <testcase name="sum" time="0.002" classname="com.TestNG.FiveInvocationCountTest"/>
  <testcase name="sum" time="0.002" classname="com.TestNG.FiveInvocationCountTest"/>
  <testcase name="sum" time="0.001" classname="com.TestNG.FiveInvocationCountTest"/>
  <testcase name="sum" time="0.001" classname="com.TestNG.FiveInvocationCountTest"/>
  <testcase name="sum" time="0.001" classname="com.TestNG.FiveInvocationCountTest"/>
  <testcase name="test1" time="0.001" classname="com.TestNG.SixExceptionTimeoutTest"/>
  <testcase name="googleLogoTest" time="0.127" classname="com.TestNG.SevenTestGoogle"/>
  <testcase name="googleTitleTest" time="0.014" classname="com.TestNG.SevenTestGoogle">
    <failure type="java.lang.AssertionError" message="Title is not Matched expected [Google123] but found [Google]">
      <![CDATA[java.lang.AssertionError: Title is not Matched expected [Google123] but found [Google]
at com.TestNG.SevenTestGoogle.googleTitleTest(SevenTestGoogle.java:34)
... Removed 30 stack frames]]>
    </failure>
  </testcase> <!-- googleTitleTest -->
</testsuite> <!-- Different Testing Feature Test -->
