<?xml version="1.0" encoding="UTF-8"?>
<testng-results skipped="0" failed="1" ignored="0" total="1" passed="0">
  <reporter-output>
  </reporter-output>
  <suite name="TestNG Parameter Test Automation Suite" duration-ms="32" started-at="2019-07-21T11:16:16Z" finished-at="2019-07-21T11:16:16Z">
    <groups>
    </groups>
    <test name="Feature Test" duration-ms="32" started-at="2019-07-21T11:16:16Z" finished-at="2019-07-21T11:16:16Z">
      <class name="com.TestNGParameters.OneTestClass">
        <test-method status="FAIL" signature="gmailLoginTest(java.lang.String, java.lang.String, java.lang.String, java.lang.String)[pri:0, instance:com.TestNGParameters.OneTestClass@3712b94]" name="gmailLoginTest" duration-ms="0" started-at="2019-07-21T11:16:16Z" finished-at="2019-07-21T11:16:16Z">
          <exception class="org.testng.TestNGException">
            <message>
              <![CDATA[
Parameter 'env' is required by @Test on method gmailLoginTest but has not been marked @Optional or defined
in C:\Users\Femila\eclipse-workspace\MySeleniumProject\src\TestNGParam.xml]]>
            </message>
            <full-stacktrace>
              <![CDATA[org.testng.TestNGException: 
Parameter 'env' is required by @Test on method gmailLoginTest but has not been marked @Optional or defined
in C:\Users\Femila\eclipse-workspace\MySeleniumProject\src\TestNGParam.xml
at org.testng.internal.Parameters.createParams(Parameters.java:290)
at org.testng.internal.Parameters.createParametersForMethod(Parameters.java:359)
at org.testng.internal.Parameters.createParameters(Parameters.java:620)
at org.testng.internal.Parameters.handleParameters(Parameters.java:769)
at org.testng.internal.ParameterHandler.handleParameters(ParameterHandler.java:49)
at org.testng.internal.ParameterHandler.createParameters(ParameterHandler.java:37)
at org.testng.internal.Invoker.invokeTestMethods(Invoker.java:924)
at org.testng.internal.TestMethodWorker.invokeTestMethods(TestMethodWorker.java:125)
at org.testng.internal.TestMethodWorker.run(TestMethodWorker.java:109)
at org.testng.TestRunner.privateRun(TestRunner.java:648)
at org.testng.TestRunner.run(TestRunner.java:505)
at org.testng.SuiteRunner.runTest(SuiteRunner.java:455)
at org.testng.SuiteRunner.runSequentially(SuiteRunner.java:450)
at org.testng.SuiteRunner.privateRun(SuiteRunner.java:415)
at org.testng.SuiteRunner.run(SuiteRunner.java:364)
at org.testng.SuiteRunnerWorker.runSuite(SuiteRunnerWorker.java:52)
at org.testng.SuiteRunnerWorker.run(SuiteRunnerWorker.java:84)
at org.testng.TestNG.runSuitesSequentially(TestNG.java:1208)
at org.testng.TestNG.runSuitesLocally(TestNG.java:1137)
at org.testng.TestNG.runSuites(TestNG.java:1049)
at org.testng.TestNG.run(TestNG.java:1017)
at org.testng.remote.AbstractRemoteTestNG.run(AbstractRemoteTestNG.java:115)
at org.testng.remote.RemoteTestNG.initAndRun(RemoteTestNG.java:251)
at org.testng.remote.RemoteTestNG.main(RemoteTestNG.java:77)
]]>
            </full-stacktrace>
          </exception> <!-- org.testng.TestNGException -->
          <reporter-output>
          </reporter-output>
        </test-method> <!-- gmailLoginTest -->
      </class> <!-- com.TestNGParameters.OneTestClass -->
    </test> <!-- Feature Test -->
  </suite> <!-- TestNG Parameter Test Automation Suite -->
</testng-results>
