<?xml version="1.0" encoding="UTF-8"?>
<!-- Generated by org.testng.reporters.JUnitXMLReporter -->
<testsuite hostname="Femila-PC" ignored="0" name="Feature Test" tests="1" failures="1" timestamp="21 Jul 2019 11:16:16 GMT" time="0.032" errors="0">
  <testcase name="gmailLoginTest" time="0.0" classname="com.TestNGParameters.OneTestClass">
    <failure type="org.testng.TestNGException" message="
Parameter &amp;apos;env&amp;apos; is required by @Test on method gmailLoginTest but has not been marked @Optional or defined
in C:\Users\Femila\eclipse-workspace\MySeleniumProject\src\TestNGParam.xml">
      <![CDATA[org.testng.TestNGException: 
Parameter 'env' is required by @Test on method gmailLoginTest but has not been marked @Optional or defined
in C:\Users\Femila\eclipse-workspace\MySeleniumProject\src\TestNGParam.xml
... Removed 24 stack frames]]>
    </failure>
  </testcase> <!-- gmailLoginTest -->
</testsuite> <!-- Feature Test -->
